[     683ms] [INFO] %cDownload the React DevTools for a better development experience: https://react.dev/link/react-devtools font-weight:bold @ http://localhost:3000/_next/static/chunks/node_modules_next_dist_compiled_react-dom_1e674e59._.js:14537
[     793ms] [ERROR] A tree hydrated but some attributes of the server rendered HTML didn't match the client properties. This won't be patched up. This can happen if a SSR-ed Client Component used:

- A server/client branch `if (typeof window !== 'undefined')`.
- Variable input such as `Date.now()` or `Math.random()` which changes each time it's called.
- Date formatting in a user's locale which doesn't match the server.
- External changing data without sending a snapshot of it along with the HTML.
- Invalid HTML tag nesting.

It can also happen if the client has a browser extension installed which messes with the HTML before React loaded.

%s%s https://react.dev/link/hydration-mismatch 

  ...
    <SegmentViewNode type="page" pagePath="about/page...">
      <SegmentTrieNode>
      <AboutPage>
        <Navbar>
        <AboutPage>
          <main className="relative f...">
            <div>
            <div>
            <About>
              <motion.section id="about" initial="initial" whileInView="animate" viewport={{once:true, ...}} ...>
                <section id="about" className="flex w-ful..." style={{}} ref={function useMotionRef.useCallback}>
                  <motion.div>
                  <AboutGallery>
                    <div className="flex w-ful...">
                      <div>
                      <RadialScrollGallery className="!min-h-[80vh]" baseRadius={460} mobileRadius={220} ...>
                        <div ref={function useMergeRefs.useMemo} className="min-h-scre...">
                          <div className="relative w..." style={{height:"64...", ...}}>
                            <ul ref={{current:null}} className={"\n      ..."} dir="ltr" style={{width:920, ...}}>
                              <li>
                              <li>
                              <li>
                              <li>
                              <li
                                ref={null}
                                className="absolute top-1/2 left-1/2"
                                style={{
+                                 zIndex: 10
+                                 transform: "translate(-50%, -50%) translate3d(-230.0000000000002px, -398.37168574084..."
-                                 transform: "translate(-50%, -50%) translate3d(-230px, -398.372px, 0px) rotate(330deg)"
-                                 z-index: "10"
                                }}
                              >
                              ...
                      ...
        ...
    ...
 @ http://localhost:3000/_next/static/chunks/node_modules_next_dist_b0daae9a._.js:2405
[     817ms] [WARNING] Image with src "/asterisk.png" has either width or height modified, but not the other. If you use CSS to change the size of your image, also include the styles 'width: "auto"' or 'height: "auto"' to maintain the aspect ratio. @ http://localhost:3000/_next/static/chunks/node_modules_next_dist_b0daae9a._.js:1014
[   47313ms] [LOG] [Fast Refresh] rebuilding @ http://localhost:3000/_next/static/chunks/node_modules_next_dist_client_cf1d9188._.js:5956
[   47382ms] [LOG] [Fast Refresh] done in 130ms @ http://localhost:3000/_next/static/chunks/node_modules_next_dist_client_cf1d9188._.js:5816
