[     359ms] [INFO] %cDownload the React DevTools for a better development experience: https://react.dev/link/react-devtools font-weight:bold @ http://localhost:3000/_next/static/chunks/node_modules_next_dist_compiled_react-dom_1e674e59._.js:14537
[     394ms] [ERROR] A tree hydrated but some attributes of the server rendered HTML didn't match the client properties. This won't be patched up. This can happen if a SSR-ed Client Component used:

- A server/client branch `if (typeof window !== 'undefined')`.
- Variable input such as `Date.now()` or `Math.random()` which changes each time it's called.
- Date formatting in a user's locale which doesn't match the server.
- External changing data without sending a snapshot of it along with the HTML.
- Invalid HTML tag nesting.

It can also happen if the client has a browser extension installed which messes with the HTML before React loaded.

%s%s https://react.dev/link/hydration-mismatch 

  ...
    <SegmentViewNode type="page" pagePath="about/page...">
      <SegmentTrieNode>
      <AboutPage>
        <Navbar>
        <AboutPage>
          <main className="relative f...">
            <div>
            <div>
            <About>
              <motion.section id="about" initial="initial" whileInView="animate" viewport={{once:true, ...}} ...>
                <section id="about" className="flex w-ful..." style={{}} ref={function useMotionRef.useCallback}>
                  <motion.div>
                  <AboutGallery>
                    <div className="flex w-ful...">
                      <div>
                      <RadialScrollGallery className="!min-h-[80vh]" baseRadius={460} mobileRadius={220} ...>
                        <div ref={function useMergeRefs.useMemo} className="min-h-scre...">
                          <div className="relative w..." style={{height:"64...", ...}}>
                            <ul ref={{current:null}} suppressHydrationWarning={true} className={"\n      ..."} dir="ltr" ...>
                              <li>
                              <li>
                              <li>
                              <li>
                              <li
                                ref={null}
                                className="absolute top-1/2 left-1/2"
                                style={{
+                                 zIndex: 10
+                                 transform: "translate(-50%, -50%) translate3d(-230.0000000000002px, -398.37168574084..."
-                                 transform: "translate(-50%, -50%) translate3d(-230px, -398.372px, 0px) rotate(330deg)"
-                                 z-index: "10"
                                }}
                              >
                              ...
                      ...
        ...
    ...
 @ http://localhost:3000/_next/static/chunks/node_modules_next_dist_b0daae9a._.js:2405
[     404ms] [WARNING] Image with src "/asterisk.png" has either width or height modified, but not the other. If you use CSS to change the size of your image, also include the styles 'width: "auto"' or 'height: "auto"' to maintain the aspect ratio. @ http://localhost:3000/_next/static/chunks/node_modules_next_dist_b0daae9a._.js:1014
[   98578ms] [LOG] [Fast Refresh] rebuilding @ http://localhost:3000/_next/static/chunks/node_modules_next_dist_client_cf1d9188._.js:5956
[   98931ms] [ERROR] React does not recognize the `%s` prop on a DOM element. If you intentionally want it to appear in the DOM as a custom attribute, spell it as lowercase `%s` instead. If you accidentally passed it from a parent component, remove it from the DOM element. scrollDuration scrollduration @ http://localhost:3000/_next/static/chunks/node_modules_next_dist_b0daae9a._.js:2405
[   98932ms] [ERROR] React does not recognize the `%s` prop on a DOM element. If you intentionally want it to appear in the DOM as a custom attribute, spell it as lowercase `%s` instead. If you accidentally passed it from a parent component, remove it from the DOM element. startTrigger starttrigger @ http://localhost:3000/_next/static/chunks/node_modules_next_dist_b0daae9a._.js:2405
[   98945ms] [LOG] [Fast Refresh] done in 435ms @ http://localhost:3000/_next/static/chunks/node_modules_next_dist_client_cf1d9188._.js:5816
[   99652ms] [WARNING] Please ensure that the container has a non-static position, like 'relative', 'fixed', or 'absolute' to ensure scroll offset is calculated correctly. @ http://localhost:3000/_next/static/chunks/node_modules_fa807460._.js:3005
[  101797ms] [LOG] [Fast Refresh] rebuilding @ http://localhost:3000/_next/static/chunks/node_modules_next_dist_client_cf1d9188._.js:5956
[  101860ms] [LOG] [Fast Refresh] done in 140ms @ http://localhost:3000/_next/static/chunks/node_modules_next_dist_client_cf1d9188._.js:5816
